<?xml version="1.0" encoding="UTF-8"?>
<!-- Generated by org.testng.reporters.JUnitXMLReporter -->
<testsuite ignored="0" hostname="LTIN209056" failures="0" tests="3" name="Default test" time="79.927" errors="0" timestamp="2024-02-26T14:06:40 IST">
  <testcase classname="testCases.zigWheels" name="newbikes" time="25.513"/>
  <testcase classname="testCases.zigWheels" name="usedcar" time="19.137"/>
  <testcase classname="testCases.zigWheels" name="login" time="9.588"/>
</testsuite> <!-- Default test -->
